<?xml version="1.0" encoding="UTF-8"?>
<testng-results ignored="0" total="0" passed="0" failed="0" skipped="0">
  <reporter-output>
  </reporter-output>
  <suite started-at="2025-05-02T08:24:44 CST" name="AllStagesSuite" finished-at="2025-05-02T08:24:44 CST" duration-ms="2">
    <groups>
    </groups>
    <test started-at="2025-05-02T08:24:44 CST" name="StageTests" finished-at="2025-05-02T08:24:44 CST" duration-ms="2">
    </test> <!-- StageTests -->
  </suite> <!-- AllStagesSuite -->
</testng-results>
